<?xml version="1.0" encoding="UTF-8"?>
<testng-results skipped="0" failed="0" ignored="0" total="1" passed="1">
  <reporter-output>
  </reporter-output>
  <suite name="Surefire suite" duration-ms="28" started-at="2018-05-21T10:17:39Z" finished-at="2018-05-21T10:17:39Z">
    <groups>
      <group name="web">
        <method signature="sampleTest.first()[pri:0, instance:samples.sampleTest@1cd072a9]" name="first" class="samples.sampleTest"/>
      </group> <!-- web -->
    </groups>
    <test name="Surefire test" duration-ms="28" started-at="2018-05-21T10:17:39Z" finished-at="2018-05-21T10:17:39Z">
      <class name="samples.sampleTest">
        <test-method status="PASS" signature="first()[pri:0, instance:samples.sampleTest@1cd072a9]" name="first" duration-ms="7" started-at="2018-05-21T10:17:39Z" finished-at="2018-05-21T10:17:39Z">
          <reporter-output>
          </reporter-output>
        </test-method> <!-- first -->
      </class> <!-- samples.sampleTest -->
    </test> <!-- Surefire test -->
  </suite> <!-- Surefire suite -->
</testng-results>
