<?xml version="1.0" encoding="UTF-8"?>
<testng-results skipped="0" failed="0" ignored="0" total="1" passed="1">
  <reporter-output>
  </reporter-output>
  <suite name="Default Suite" duration-ms="36" started-at="2018-05-21T10:40:47Z" finished-at="2018-05-21T10:40:47Z">
    <groups>
      <group name="web">
        <method signature="sampleTest.first()[pri:0, instance:samples.sampleTest@1ae369b7]" name="first" class="samples.sampleTest"/>
      </group> <!-- web -->
    </groups>
    <test name="Testing-Maven" duration-ms="36" started-at="2018-05-21T10:40:47Z" finished-at="2018-05-21T10:40:47Z">
      <class name="samples.sampleTest">
        <test-method status="PASS" signature="first()[pri:0, instance:samples.sampleTest@1ae369b7]" name="first" duration-ms="11" started-at="2018-05-21T10:40:47Z" finished-at="2018-05-21T10:40:47Z">
          <reporter-output>
          </reporter-output>
        </test-method> <!-- first -->
      </class> <!-- samples.sampleTest -->
    </test> <!-- Testing-Maven -->
  </suite> <!-- Default Suite -->
</testng-results>
